[debug] [2021-02-04T02:54:11.373Z] ----------------------------------------------------------------------
[debug] [2021-02-04T02:54:11.376Z] Command:       C:\Program Files\nodejs\node.exe C:\Users\nikun\AppData\Roaming\npm\node_modules\firebase-tools\lib\bin\firebase.js init
[debug] [2021-02-04T02:54:11.377Z] CLI Version:   9.3.0
[debug] [2021-02-04T02:54:11.377Z] Platform:      win32
[debug] [2021-02-04T02:54:11.377Z] Node Version:  v14.15.1
[debug] [2021-02-04T02:54:11.379Z] Time:          Wed Feb 03 2021 21:54:11 GMT-0500 (Eastern Standard Time)
[debug] [2021-02-04T02:54:11.380Z] ----------------------------------------------------------------------
[debug] [2021-02-04T02:54:11.380Z] 
[debug] [2021-02-04T02:54:11.393Z] > command requires scopes: ["email","openid","https://www.googleapis.com/auth/cloudplatformprojects.readonly","https://www.googleapis.com/auth/firebase","https://www.googleapis.com/auth/cloud-platform"]
[debug] [2021-02-04T02:54:11.395Z] > authorizing via signed-in user
[info] 
     ######## #### ########  ######## ########     ###     ######  ########
     ##        ##  ##     ## ##       ##     ##  ##   ##  ##       ##
     ######    ##  ########  ######   ########  #########  ######  ######
     ##        ##  ##    ##  ##       ##     ## ##     ##       ## ##
     ##       #### ##     ## ######## ########  ##     ##  ######  ########

You're about to initialize a Firebase project in this directory:

  C:\Users\nikun\OneDrive\Desktop\projects\FinnTracker v2\finntracker2

Before we get started, keep in mind:

  * You are initializing in an existing Firebase project directory

[info] 
=== Project Setup
[info] 
[info] First, let's associate this project directory with a Firebase project.
[info] You can create multiple project aliases by running firebase use --add, 
[info] but for now we'll just set up a default project.
[info] 
[info] i  .firebaserc already has a default project, using finntracker2. 
[debug] [2021-02-04T02:54:17.604Z] > refreshing access token with scopes: []
[debug] [2021-02-04T02:54:17.605Z] >>> HTTP REQUEST POST https://www.googleapis.com/oauth2/v3/token  
 <request body omitted>
[debug] [2021-02-04T02:54:17.822Z] <<< HTTP RESPONSE 200 {"pragma":"no-cache","expires":"Mon, 01 Jan 1990 00:00:00 GMT","date":"Thu, 04 Feb 2021 02:54:16 GMT","cache-control":"no-cache, no-store, max-age=0, must-revalidate","content-type":"application/json; charset=utf-8","vary":"X-Origin, Referer, Origin,Accept-Encoding","server":"scaffolding on HTTPServer2","x-xss-protection":"0","x-frame-options":"SAMEORIGIN","x-content-type-options":"nosniff","alt-svc":"h3-29=\":443\"; ma=2592000,h3-T051=\":443\"; ma=2592000,h3-Q050=\":443\"; ma=2592000,h3-Q046=\":443\"; ma=2592000,h3-Q043=\":443\"; ma=2592000,quic=\":443\"; ma=2592000; v=\"46,43\"","accept-ranges":"none","transfer-encoding":"chunked"}
[debug] [2021-02-04T02:54:17.852Z] >>> [apiv2][query] GET https://firebase.googleapis.com/v1beta1/projects/finntracker2 [none]
[debug] [2021-02-04T02:54:18.044Z] <<< [apiv2][status] GET https://firebase.googleapis.com/v1beta1/projects/finntracker2 200
[debug] [2021-02-04T02:54:18.045Z] <<< [apiv2][body] GET https://firebase.googleapis.com/v1beta1/projects/finntracker2 {"projectId":"finntracker2","projectNumber":"155052645734","displayName":"finntracker2","name":"projects/finntracker2","resources":{"hostingSite":"finntracker2"},"state":"ACTIVE"}
[info] 
=== Hosting Setup
[info] 
[info] Your public directory is the folder (relative to your project directory) that
[info] will contain Hosting assets to be uploaded with firebase deploy. If you
[info] have a build process for your assets, use your build's output directory.
[info] 
